<?xml version="1.0" encoding="UTF-8"?>
<!-- Generated by org.testng.reporters.JUnitReportReporter -->
<testsuite hostname="QT-INBG-LT0664" failures="0" tests="1" name="mobile_world.Sign_Up" time="13.096" errors="0" timestamp="2022-09-19T17:46:07 IST" skipped="0">
  <testcase classname="mobile_world.Sign_Up" name="sign" time="13.096"/>
  <system-out/>
</testsuite> <!-- mobile_world.Sign_Up -->
